[    0.000000] Initializing cgroup subsys cpuset
[    0.000000] Initializing cgroup subsys cpu
[    0.000000] Initializing cgroup subsys cpuacct
[    0.000000] Linux version 4.4.0-210-generic (buildd@lgw01-amd64-009) (gcc version 5.4.0 20160609 (Ubuntu 5.4.0-6ubuntu1~16.04.12) ) #242-Ubuntu SMP Fri Apr 16 09:57:56 UTC 2021 (Ubuntu 4.4.0-210.242-generic 4.4.262)
[    0.000000] Command line: BOOT_IMAGE=/boot/vmlinuz-4.4.0-210-generic root=LABEL=cloudimg-rootfs ro console=tty1 console=ttyS0
[    0.000000] KERNEL supported cpus:
[    0.000000]   Intel GenuineIntel
[    0.000000]   AMD AuthenticAMD
[    0.000000]   Centaur CentaurHauls
[    0.000000] [Firmware Bug]: TSC doesn't count with P0 frequency!
[    0.000000] x86/fpu: Legacy x87 FPU detected.
[    0.000000] e820: BIOS-provided physical RAM map:
[    0.000000] BIOS-e820: [mem 0x0000000000000000-0x000000000009fbff] usable
[    0.000000] BIOS-e820: [mem 0x000000000009fc00-0x000000000009ffff] reserved
[    0.000000] BIOS-e820: [mem 0x00000000000f0000-0x00000000000fffff] reserved
[    0.000000] BIOS-e820: [mem 0x0000000000100000-0x000000007ffeffff] usable
[    0.000000] BIOS-e820: [mem 0x000000007fff0000-0x000000007fffffff] ACPI data
[    0.000000] BIOS-e820: [mem 0x00000000fec00000-0x00000000fec00fff] reserved
[    0.000000] BIOS-e820: [mem 0x00000000fee00000-0x00000000fee00fff] reserved
[    0.000000] BIOS-e820: [mem 0x00000000fffc0000-0x00000000ffffffff] reserved
[    0.000000] NX (Execute Disable) protection: active
[    0.000000] SMBIOS 2.5 present.
[    0.000000] Hypervisor detected: KVM
[    0.000000] Kernel/User page tables isolation: disabled
[    0.000000] e820: last_pfn = 0x7fff0 max_arch_pfn = 0x400000000
[    0.000000] MTRR: Disabled
[    0.000000] x86/PAT: MTRRs disabled, skipping PAT initialization too.
[    0.000000] CPU MTRRs all blank - virtualized system.
[    0.000000] x86/PAT: Configuration [0-7]: WB  WT  UC- UC  WB  WT  UC- UC  
[    0.000000] found SMP MP-table at [mem 0x0009fff0-0x0009ffff] mapped at [ffff88000009fff0]
[    0.000000] Scanning 1 areas for low memory corruption
[    0.000000] RAMDISK: [mem 0x362dc000-0x37165fff]
[    0.000000] ACPI: Early table checksum verification disabled
[    0.000000] ACPI: RSDP 0x00000000000E0000 000024 (v02 VBOX  )
[    0.000000] ACPI: XSDT 0x000000007FFF0030 00003C (v01 VBOX   VBOXXSDT 00000001 ASL  00000061)
[    0.000000] ACPI: FACP 0x000000007FFF00F0 0000F4 (v04 VBOX   VBOXFACP 00000001 ASL  00000061)
[    0.000000] ACPI: DSDT 0x000000007FFF0470 002325 (v02 VBOX   VBOXBIOS 00000002 INTL 20100528)
[    0.000000] ACPI: FACS 0x000000007FFF0200 000040
[    0.000000] ACPI: FACS 0x000000007FFF0200 000040
[    0.000000] ACPI: APIC 0x000000007FFF0240 000054 (v02 VBOX   VBOXAPIC 00000001 ASL  00000061)
[    0.000000] ACPI: SSDT 0x000000007FFF02A0 0001CC (v01 VBOX   VBOXCPUT 00000002 INTL 20100528)
[    0.000000] No NUMA configuration found
[    0.000000] Faking a node at [mem 0x0000000000000000-0x000000007ffeffff]
[    0.000000] NODE_DATA(0) allocated [mem 0x7ffeb000-0x7ffeffff]
[    0.000000] kvm-clock: Using msrs 4b564d01 and 4b564d00
[    0.000000] kvm-clock: cpu 0, msr 0:7ffe3001, primary cpu clock
[    0.000000] kvm-clock: using sched offset of 3413389708 cycles
[    0.000000] clocksource: kvm-clock: mask: 0xffffffffffffffff max_cycles: 0x1cd42e4dffb, max_idle_ns: 881590591483 ns
[    0.000000] Zone ranges:
[    0.000000]   DMA      [mem 0x0000000000001000-0x0000000000ffffff]
[    0.000000]   DMA32    [mem 0x0000000001000000-0x000000007ffeffff]
[    0.000000]   Normal   empty
[    0.000000]   Device   empty
[    0.000000] Movable zone start for each node
[    0.000000] Early memory node ranges
[    0.000000]   node   0: [mem 0x0000000000001000-0x000000000009efff]
[    0.000000]   node   0: [mem 0x0000000000100000-0x000000007ffeffff]
[    0.000000] Initmem setup node 0 [mem 0x0000000000001000-0x000000007ffeffff]
[    0.000000] ACPI: PM-Timer IO Port: 0x4008
[    0.000000] IOAPIC[0]: apic_id 1, version 32, address 0xfec00000, GSI 0-23
[    0.000000] ACPI: INT_SRC_OVR (bus 0 bus_irq 0 global_irq 2 dfl dfl)
[    0.000000] ACPI: INT_SRC_OVR (bus 0 bus_irq 9 global_irq 9 low level)
[    0.000000] Using ACPI (MADT) for SMP configuration information
[    0.000000] smpboot: Allowing 1 CPUs, 0 hotplug CPUs
[    0.000000] PM: Registered nosave memory: [mem 0x00000000-0x00000fff]
[    0.000000] PM: Registered nosave memory: [mem 0x0009f000-0x0009ffff]
[    0.000000] PM: Registered nosave memory: [mem 0x000a0000-0x000effff]
[    0.000000] PM: Registered nosave memory: [mem 0x000f0000-0x000fffff]
[    0.000000] e820: [mem 0x80000000-0xfebfffff] available for PCI devices
[    0.000000] Booting paravirtualized kernel on KVM
[    0.000000] clocksource: refined-jiffies: mask: 0xffffffff max_cycles: 0xffffffff, max_idle_ns: 7645519600211568 ns
[    0.000000] setup_percpu: NR_CPUS:512 nr_cpumask_bits:512 nr_cpu_ids:1 nr_node_ids:1
[    0.000000] PERCPU: Embedded 33 pages/cpu @ffff88007fc00000 s95192 r8192 d31784 u2097152
[    0.000000] Built 1 zonelists in Node order, mobility grouping on.  Total pages: 515960
[    0.000000] Policy zone: DMA32
[    0.000000] Kernel command line: BOOT_IMAGE=/boot/vmlinuz-4.4.0-210-generic root=LABEL=cloudimg-rootfs ro console=tty1 console=ttyS0
[    0.000000] PID hash table entries: 4096 (order: 3, 32768 bytes)
[    0.000000] Memory: 2030116K/2096696K available (8644K kernel code, 1332K rwdata, 4044K rodata, 1492K init, 1164K bss, 66580K reserved, 0K cma-reserved)
[    0.000000] SLUB: HWalign=64, Order=0-3, MinObjects=0, CPUs=1, Nodes=1
[    0.000000] Hierarchical RCU implementation.
[    0.000000] 	Build-time adjustment of leaf fanout to 64.
[    0.000000] 	RCU restricting CPUs from NR_CPUS=512 to nr_cpu_ids=1.
[    0.000000] RCU: Adjusting geometry for rcu_fanout_leaf=64, nr_cpu_ids=1
[    0.000000] NR_IRQS:33024 nr_irqs:256 16
[    0.000000] Console: colour VGA+ 80x25
[    0.000000] console [tty1] enabled
[    0.000000] console [ttyS0] enabled
[    0.000000] tsc: Detected 3193.922 MHz processor
[    0.352775] Calibrating delay loop (skipped) preset value.. 6387.84 BogoMIPS (lpj=12775688)
[    0.357529] pid_max: default: 32768 minimum: 301
[    0.360730] ACPI: Core revision 20150930
[    0.363266] ACPI: 2 ACPI AML tables successfully acquired and loaded
[    0.366840] Security Framework initialized
[    0.368794] Yama: becoming mindful.
[    0.370590] AppArmor: AppArmor initialized
[    0.372563] Dentry cache hash table entries: 262144 (order: 9, 2097152 bytes)
[    0.381460] Inode-cache hash table entries: 131072 (order: 8, 1048576 bytes)
[    0.390840] Mount-cache hash table entries: 4096 (order: 3, 32768 bytes)
[    0.397241] Mountpoint-cache hash table entries: 4096 (order: 3, 32768 bytes)
[    0.401274] Initializing cgroup subsys io
[    0.403248] Initializing cgroup subsys memory
[    0.405327] Initializing cgroup subsys devices
[    0.407560] Initializing cgroup subsys freezer
[    0.409674] Initializing cgroup subsys net_cls
[    0.411867] Initializing cgroup subsys perf_event
[    0.414069] Initializing cgroup subsys net_prio
[    0.417894] Initializing cgroup subsys hugetlb
[    0.421589] Initializing cgroup subsys pids
[    0.424775] CPU0: Hyper-Threading is disabled
[    0.426915] mce: CPU supports 0 MCE banks
[    0.428990] Last level iTLB entries: 4KB 512, 2MB 512, 4MB 256
[    0.431787] Last level dTLB entries: 4KB 2048, 2MB 2048, 4MB 1024, 1GB 0
[    0.435058] Spectre V1 : Mitigation: usercopy/swapgs barriers and __user pointer sanitization
[    0.439341] Spectre V2 : Spectre mitigation: LFENCE not serializing, switching to generic retpoline
[    0.443541] Spectre V2 : Mitigation: Full generic retpoline
[    0.446167] Spectre V2 : Spectre v2 / SpectreRSB mitigation: Filling RSB on context switch
[    0.541805] Freeing SMP alternatives memory: 36K
[    0.585248] ftrace: allocating 32380 entries in 127 pages
[    0.877868] smpboot: APIC(0) Converting physical 0 to logical package 0
[    0.884418] smpboot: Max logical packages: 1
[    0.894709] ..TIMER: vector=0x30 apic1=0 pin1=2 apic2=-1 pin2=-1
[    1.006148] APIC calibration not consistent with PM-Timer: 96ms instead of 100ms
[    1.010820] APIC delta adjusted to PM-Timer: 6225097 (6011643)
[    1.015536] smpboot: CPU0: AMD Ryzen 7 5800H with Radeon Graphics (family: 0x19, model: 0x50, stepping: 0x0)
[    1.021060] Performance Events: Broken PMU hardware detected, using software events only.
[    1.025565] Failed to access perfctr msr (MSR c0010007 is 0)
[    1.069796] KVM setup paravirtual spinlock
[    1.072883] x86: Booted up 1 node, 1 CPUs
[    1.074859] smpboot: Total of 1 processors activated (6387.84 BogoMIPS)
[    1.079287] devtmpfs: initialized
[    1.082231] evm: security.selinux
[    1.084000] evm: security.SMACK64
[    1.085624] evm: security.SMACK64EXEC
[    1.087542] evm: security.SMACK64TRANSMUTE
[    1.089446] evm: security.SMACK64MMAP
[    1.091290] evm: security.ima
[    1.092734] evm: security.capability
[    1.094635] clocksource: jiffies: mask: 0xffffffff max_cycles: 0xffffffff, max_idle_ns: 7645041785100000 ns
[    1.099379] futex hash table entries: 256 (order: 2, 16384 bytes)
[    1.102477] pinctrl core: initialized pinctrl subsystem
[    1.105121] RTC time: 16:07:21, date: 03/01/25
[    1.107962] NET: Registered protocol family 16
[    1.110471] cpuidle: using governor ladder
[    1.112541] cpuidle: using governor menu
[    1.114508] PCCT header not found.
[    1.117636] ACPI: bus type PCI registered
[    1.119515] acpiphp: ACPI Hot Plug PCI Controller Driver version: 0.5
[    1.122736] PCI: Using configuration type 1 for base access
[    1.125306] PCI: Using configuration type 1 for extended access
[    1.129857] ACPI: Added _OSI(Module Device)
[    1.132048] ACPI: Added _OSI(Processor Device)
[    1.135017] ACPI: Added _OSI(3.0 _SCP Extensions)
[    1.137222] ACPI: Added _OSI(Processor Aggregator Device)
[    1.140556] ACPI: Executed 1 blocks of module-level executable AML code
[    1.145874] ACPI: Interpreter enabled
[    1.147666] ACPI: (supports S0 S5)
[    1.149383] ACPI: Using IOAPIC for interrupt routing
[    1.151820] PCI: Using host bridge windows from ACPI; if necessary, use "pci=nocrs" and report a bug
[    1.160841] ACPI: PCI Root Bridge [PCI0] (domain 0000 [bus 00-ff])
[    1.163733] acpi PNP0A03:00: _OSC: OS supports [ExtendedConfig ASPM ClockPM Segments MSI]
[    1.168124] acpi PNP0A03:00: _OSC: platform does not support [PCIeCapability]
[    1.171736] acpi PNP0A03:00: _OSC: not requesting control; platform does not support [PCIeCapability]
[    1.176439] acpi PNP0A03:00: _OSC: OS requested [PCIeHotplug PME AER PCIeCapability]
[    1.179976] acpi PNP0A03:00: _OSC: platform willing to grant [PCIeHotplug PME AER]
[    1.183597] acpi PNP0A03:00: _OSC failed (AE_SUPPORT); disabling ASPM
[    1.187027] PCI host bridge to bus 0000:00
[    1.188896] pci_bus 0000:00: root bus resource [io  0x0000-0x0cf7 window]
[    1.191964] pci_bus 0000:00: root bus resource [io  0x0d00-0xffff window]
[    1.195086] pci_bus 0000:00: root bus resource [mem 0x000a0000-0x000bffff window]
[    1.198471] pci_bus 0000:00: root bus resource [mem 0x80000000-0xfdffffff window]
[    1.201876] pci_bus 0000:00: root bus resource [bus 00-ff]
[    1.207526] pci 0000:00:01.1: legacy IDE quirk: reg 0x10: [io  0x01f0-0x01f7]
[    1.210695] pci 0000:00:01.1: legacy IDE quirk: reg 0x14: [io  0x03f6]
[    1.223932] pci 0000:00:01.1: legacy IDE quirk: reg 0x18: [io  0x0170-0x0177]
[    1.227261] pci 0000:00:01.1: legacy IDE quirk: reg 0x1c: [io  0x0376]
[    1.241645] pci 0000:00:07.0: quirk: [io  0x4000-0x403f] claimed by PIIX4 ACPI
[    1.244826] pci 0000:00:07.0: quirk: [io  0x4100-0x410f] claimed by PIIX4 SMB
[    1.252709] ACPI: PCI Interrupt Link [LNKA] (IRQs 5 9 10 *11)
[    1.256764] ACPI: PCI Interrupt Link [LNKB] (IRQs 5 9 *10 11)
[    1.261212] ACPI: PCI Interrupt Link [LNKC] (IRQs 5 *9 10 11)
[    1.264934] ACPI: PCI Interrupt Link [LNKD] (IRQs 5 9 10 *11)
[    1.268808] ACPI: Enabled 2 GPEs in block 00 to 07
[    1.271638] vgaarb: setting as boot device: PCI:0000:00:02.0
[    1.274392] vgaarb: device added: PCI:0000:00:02.0,decodes=io+mem,owns=io+mem,locks=none
[    1.278082] vgaarb: loaded
[    1.279432] vgaarb: bridge control possible 0000:00:02.0
[    1.282089] SCSI subsystem initialized
[    1.283908] ACPI: bus type USB registered
[    1.285803] usbcore: registered new interface driver usbfs
[    1.288358] usbcore: registered new interface driver hub
[    1.290962] usbcore: registered new device driver usb
[    1.293669] PCI: Using ACPI for IRQ routing
[    1.296104] NetLabel: Initializing
[    1.297774] NetLabel:  domain hash size = 128
[    1.299787] NetLabel:  protocols = UNLABELED CIPSOv4
[    1.302691] NetLabel:  unlabeled traffic allowed by default
[    1.305294] amd_nb: Cannot enumerate AMD northbridges
[    1.307818] clocksource: Switched to clocksource kvm-clock
[    1.329393] AppArmor: AppArmor Filesystem Enabled
[    1.331937] pnp: PnP ACPI init
[    1.334194] pnp: PnP ACPI: found 3 devices
[    1.342955] clocksource: acpi_pm: mask: 0xffffff max_cycles: 0xffffff, max_idle_ns: 2085701024 ns
[    1.347204] NET: Registered protocol family 2
[    1.349824] TCP established hash table entries: 16384 (order: 5, 131072 bytes)
[    1.353540] TCP bind hash table entries: 16384 (order: 6, 262144 bytes)
[    1.357417] TCP: Hash tables configured (established 16384 bind 16384)
[    1.360872] UDP hash table entries: 1024 (order: 3, 32768 bytes)
[    1.363630] UDP-Lite hash table entries: 1024 (order: 3, 32768 bytes)
[    1.366689] NET: Registered protocol family 1
[    1.368752] pci 0000:00:00.0: Limiting direct PCI/PCI transfers
[    1.371567] pci 0000:00:01.0: Activating ISA DMA hang workarounds
[    1.374603] Unpacking initramfs...
[    1.636807] Freeing initrd memory: 14888K
[    1.639949] clocksource: tsc: mask: 0xffffffffffffffff max_cycles: 0x2e09dc5ceeb, max_idle_ns: 440795247995 ns
[    1.644583] platform rtc_cmos: registered platform RTC device (no PNP device found)
[    1.648225] Scanning for low memory corruption every 60 seconds
[    1.651344] audit: initializing netlink subsys (disabled)
[    1.654036] audit: type=2000 audit(1740845246.195:1): initialized
[    1.657224] Initialise system trusted keyring
[    1.659743] HugeTLB registered 2 MB page size, pre-allocated 0 pages
[    1.664126] zbud: loaded
[    1.665811] VFS: Disk quotas dquot_6.6.0
[    1.667669] VFS: Dquot-cache hash table entries: 512 (order 0, 4096 bytes)
[    1.671179] squashfs: version 4.0 (2009/01/31) Phillip Lougher
[    1.674107] fuse init (API version 7.23)
[    1.677657] Key type big_key registered
[    1.679482] Allocating IMA MOK and blacklist keyrings.
[    1.683144] Key type asymmetric registered
[    1.685153] Asymmetric key parser 'x509' registered
[    1.687358] Block layer SCSI generic (bsg) driver version 0.4 loaded (major 249)
[    1.690880] io scheduler noop registered
[    1.692858] io scheduler deadline registered (default)
[    1.695252] io scheduler cfq registered
[    1.697262] pci_hotplug: PCI Hot Plug PCI Core version: 0.5
[    1.699821] pciehp: PCI Express Hot Plug Controller Driver version: 0.4
[    1.703272] ACPI: AC Adapter [AC] (on-line)
[    1.705353] input: Power Button as /devices/LNXSYSTM:00/LNXPWRBN:00/input/input0
[    1.708659] ACPI: Power Button [PWRF]
[    1.710436] input: Sleep Button as /devices/LNXSYSTM:00/LNXSLPBN:00/input/input1
[    1.713934] ACPI: Sleep Button [SLPF]
[    1.716352] ACPI: Battery Slot [BAT0] (battery present)
[    1.718681] GHES: HEST is not enabled!
[    1.720752] Serial: 8250/16550 driver, 32 ports, IRQ sharing enabled
[    1.747133] 00:02: ttyS0 at I/O 0x3f8 (irq = 4, base_baud = 115200) is a 16550A
[    1.752603] Linux agpgart interface v0.103
[    1.755341] loop: module loaded
[    1.757710] scsi host0: ata_piix
[    1.759428] scsi host1: ata_piix
[    1.761048] ata1: PATA max UDMA/33 cmd 0x1f0 ctl 0x3f6 bmdma 0xd000 irq 14
[    1.764233] ata2: PATA max UDMA/33 cmd 0x170 ctl 0x376 bmdma 0xd008 irq 15
[    1.768739] libphy: Fixed MDIO Bus: probed
[    1.770589] tun: Universal TUN/TAP device driver, 1.6
[    1.773208] tun: (C) 1999-2004 Max Krasnyansky <maxk@qualcomm.com>
[    1.776183] PPP generic driver version 2.4.2
[    1.778156] ehci_hcd: USB 2.0 'Enhanced' Host Controller (EHCI) Driver
[    1.781522] ehci-pci: EHCI PCI platform driver
[    1.783959] ehci-platform: EHCI generic platform driver
[    1.786283] ohci_hcd: USB 1.1 'Open' Host Controller (OHCI) Driver
[    1.789461] ohci-pci: OHCI PCI platform driver
[    1.791458] ohci-platform: OHCI generic platform driver
[    1.794068] uhci_hcd: USB Universal Host Controller Interface driver
[    1.797803] i8042: PNP: PS/2 Controller [PNP0303:PS2K,PNP0f03:PS2M] at 0x60,0x64 irq 1,12
[    1.804266] serio: i8042 KBD port at 0x60,0x64 irq 1
[    1.806569] serio: i8042 AUX port at 0x60,0x64 irq 12
[    1.809359] mousedev: PS/2 mouse device common for all mice
[    1.812791] input: AT Translated Set 2 keyboard as /devices/platform/i8042/serio0/input/input2
[    1.817287] rtc_cmos rtc_cmos: rtc core: registered rtc_cmos as rtc0
[    1.820860] rtc_cmos rtc_cmos: alarms up to one day, 114 bytes nvram
[    1.823624] i2c /dev entries driver
[    1.825356] device-mapper: uevent: version 1.0.3
[    1.827437] device-mapper: ioctl: 4.34.0-ioctl (2015-10-28) initialised: dm-devel@redhat.com
[    1.831504] ledtrig-cpu: registered to indicate activity on CPUs
[    1.834463] NET: Registered protocol family 10
[    1.836672] NET: Registered protocol family 17
[    1.838688] Key type dns_resolver registered
[    1.840835] registered taskstats version 1
[    1.843056] Loading compiled-in X.509 certificates
[    1.845633] Loaded X.509 cert 'Build time autogenerated kernel key: cf00e047681d67edb2720680708b7d9498083038'
[    1.850332] zswap: loaded using pool lzo/zbud
[    1.853542] Key type trusted registered
[    1.857133] Key type encrypted registered
[    1.859015] AppArmor: AppArmor sha1 policy hashing enabled
[    1.861560] ima: No TPM chip found, activating TPM-bypass!
[    1.864153] ima: Allocated hash algorithm: sha1
[    1.866176] evm: HMAC attrs: 0x1
[    1.868310]   Magic number: 1:816:134
[    1.870008] pci 0000:00:03.0: hash matches
[    1.872204] rtc_cmos rtc_cmos: setting system clock to 2025-03-01 16:07:22 UTC (1740845242)
[    1.876071] BIOS EDD facility v0.16 2004-Jun-25, 0 devices found
[    1.878718] EDD information not available.
[    1.965583] Freeing unused kernel memory: 1492K
[    1.968560] Write protecting the kernel read-only data: 14336k
[    1.971337] Freeing unused kernel memory: 1584K
[    1.973520] Freeing unused kernel memory: 52K
Loading, please wait...
starting version 229
[    1.986439] random: udevadm: uninitialized urandom read (16 bytes read, 3 bits of entropy available)
[    1.991756] random: systemd-udevd: uninitialized urandom read (16 bytes read, 3 bits of entropy available)
[    1.996258] random: systemd-udevd: uninitialized urandom read (16 bytes read, 3 bits of entropy available)
[    2.000861] random: udevadm: uninitialized urandom read (16 bytes read, 3 bits of entropy available)
[    2.004990] random: systemd-udevd: uninitialized urandom read (16 bytes read, 3 bits of entropy available)
[    2.016167] random: systemd-udevd: uninitialized urandom read (16 bytes read, 3 bits of entropy available)
[    2.021933] random: udevadm: uninitialized urandom read (16 bytes read, 3 bits of entropy available)
[    2.026471] random: systemd-udevd: uninitialized urandom read (16 bytes read, 3 bits of entropy available)
[    2.031010] random: udevadm: uninitialized urandom read (16 bytes read, 3 bits of entropy available)
[    2.035210] random: systemd-udevd: uninitialized urandom read (16 bytes read, 3 bits of entropy available)
[    2.091144] Fusion MPT base driver 3.04.20
[    2.093312] Copyright (c) 1999-2008 LSI Corporation
[    2.103230] e1000: Intel(R) PRO/1000 Network Driver - version 7.3.21-k8-NAPI
[    2.106924] e1000: Copyright (c) 1999-2006 Intel Corporation.
[    2.130238] Fusion MPT SPI Host driver 3.04.20
[    2.142646] mptbase: ioc0: Initiating bringup
[    2.209834] ioc0: LSI53C1030 A0: Capabilities={Initiator}
[    2.324516] input: ImExPS/2 Generic Explorer Mouse as /devices/platform/i8042/serio1/input/input4
[    2.386006] scsi host2: ioc0: LSI53C1030 A0, FwRev=00000000h, Ports=1, MaxQ=256, IRQ=20
[    2.502446] scsi 2:0:0:0: Direct-Access     VBOX     HARDDISK         1.0  PQ: 0 ANSI: 5
[    2.507052] scsi target2:0:0: Beginning Domain Validation
[    2.513798] scsi target2:0:0: Domain Validation skipping write tests
[    2.517017] scsi target2:0:0: Ending Domain Validation
[    2.519651] scsi target2:0:0: asynchronous
[    2.522723] scsi 2:0:1:0: Direct-Access     VBOX     HARDDISK         1.0  PQ: 0 ANSI: 5
[    2.526394] scsi target2:0:1: Beginning Domain Validation
[    2.563279] scsi target2:0:1: Domain Validation skipping write tests
[    2.566893] scsi target2:0:1: Ending Domain Validation
[    2.582211] scsi target2:0:1: asynchronous
[    2.731996] sd 2:0:0:0: Attached scsi generic sg0 type 0
[    2.736232] sd 2:0:0:0: [sda] 83886080 512-byte logical blocks: (42.9 GB/40.0 GiB)
[    2.746723] sd 2:0:1:0: [sdb] 20480 512-byte logical blocks: (10.5 MB/10.0 MiB)
[    2.750212] sd 2:0:0:0: [sda] Write Protect is off
[    2.752743] sd 2:0:1:0: Attached scsi generic sg1 type 0
[    2.755551] sd 2:0:1:0: [sdb] Write Protect is off
[    2.758156] sd 2:0:0:0: [sda] Incomplete mode parameter data
[    2.760752] sd 2:0:0:0: [sda] Assuming drive cache: write through
[    2.769939] sd 2:0:1:0: [sdb] Incomplete mode parameter data
[    2.772638] sd 2:0:1:0: [sdb] Assuming drive cache: write through
[    2.790241]  sda: sda1
[    2.793495] sd 2:0:0:0: [sda] Attached SCSI disk
[    2.796193] sd 2:0:1:0: [sdb] Attached SCSI disk
[    3.078283] e1000 0000:00:03.0 eth0: (PCI:33MHz:32-bit) 02:be:82:6b:cc:1d
[    3.081441] e1000 0000:00:03.0 eth0: Intel(R) PRO/1000 Network Connection
[    3.570615] e1000 0000:00:08.0 eth1: (PCI:33MHz:32-bit) 08:00:27:63:39:e3
[    3.573688] e1000 0000:00:08.0 eth1: Intel(R) PRO/1000 Network Connection
[    3.578027] e1000 0000:00:08.0 enp0s8: renamed from eth1
[    3.581862] e1000 0000:00:03.0 enp0s3: renamed from eth0
Begin: Loading essential drivers ... [    4.874490] md: linear personality registered for level -1
[    4.878854] md: multipath personality registered for level -4
[    4.882957] md: raid0 personality registered for level 0
[    4.889451] md: raid1 personality registered for level 1
[    4.969899] raid6: sse2x1   gen()  7833 MB/s
[    5.052602] raid6: sse2x1   xor() 13992 MB/s
[    5.135848] raid6: sse2x2   gen() 15999 MB/s
[    5.207957] raid6: sse2x2   xor() 15625 MB/s
[    5.281383] raid6: sse2x4   gen() 19057 MB/s
[    5.356562] raid6: sse2x4   xor() 11502 MB/s
[    5.359348] raid6: using algorithm sse2x4 gen() 19057 MB/s
[    5.361920] raid6: .... xor() 11502 MB/s, rmw enabled
[    5.364382] raid6: using ssse3x2 recovery algorithm
[    5.369475] xor: measuring software checksum speed
[    5.474323]    prefetch64-sse: 51552.000 MB/sec
[    5.579878]    generic_sse: 49586.000 MB/sec
[    5.582070] xor: using function: prefetch64-sse (51552.000 MB/sec)
[    5.586017] async_tx: api initialized (async)
[    5.602812] md: raid6 personality registered for level 6
[    5.605315] md: raid5 personality registered for level 5
[    5.607631] md: raid4 personality registered for level 4
[    5.616537] md: raid10 personality registered for level 10
done.
Begin: Running /scripts/init-premount ... done.
Begin: Mounting root file system ... Begin: Running /scripts/local-top ... done.
Begin: Running /scripts/local-premount ... [    5.665465] Btrfs loaded
Scanning for Btrfs filesystems
done.
Warning: fsck not present, so skipping root file system
[    5.707748] EXT4-fs (sda1): mounted filesystem with ordered data mode. Opts: (null)
done.
Begin: Running /scripts/local-bottom ... done.
Begin: Running /scripts/init-bottom ... done.
[    5.811566] systemd[1]: systemd 229 running in system mode. (+PAM +AUDIT +SELINUX +IMA +APPARMOR +SMACK +SYSVINIT +UTMP +LIBCRYPTSETUP +GCRYPT +GNUTLS +ACL +XZ -LZ4 +SECCOMP +BLKID +ELFUTILS +KMOD -IDN)
[    5.819672] systemd[1]: Detected virtualization oracle.
[    5.822325] systemd[1]: Detected architecture x86-64.

Welcome to [1mUbuntu 16.04.7 LTS[0m!

[    5.830710] systemd[1]: Set hostname to <ubuntu>.
[    5.836803] systemd[1]: Initializing machine ID from random generator.
[    5.839820] systemd[1]: Installed transient /etc/machine-id file.
[    5.978409] systemd[1]: Listening on LVM2 poll daemon socket.
[[0;32m  OK  [0m] Listening on LVM2 poll daemon socket.
[    5.984483] systemd[1]: Listening on Journal Audit Socket.
[[0;32m  OK  [0m] Listening on Journal Audit Socket.
[    5.990699] systemd[1]: Listening on Journal Socket.
[[0;32m  OK  [0m] Listening on Journal Socket.
[    5.996089] systemd[1]: Listening on udev Control Socket.
[[0;32m  OK  [0m] Listening on udev Control Socket.
[    6.001602] systemd[1]: Listening on fsck to fsckd communication Socket.
[[0;32m  OK  [0m] Listening on fsck to fsckd communication Socket.
[    6.007633] systemd[1]: Created slice User and Session Slice.
[[0;32m  OK  [0m] Created slice User and Session Slice.
[    6.013461] systemd[1]: Reached target System Time Synchronized.
[[0;32m  OK  [0m] Reached target System Time Synchronized.
[    6.019066] systemd[1]: Listening on Device-mapper event daemon FIFOs.
[[0;32m  OK  [0m] Listening on Device-mapper event daemon FIFOs.
[    6.025614] systemd[1]: Listening on Syslog Socket.
[[0;32m  OK  [0m] Listening on Syslog Socket.
[    6.031283] systemd[1]: Started Forward Password Requests to Wall Directory Watch.
[[0;32m  OK  [0m] Started Forward Password Requests to Wall Directory Watch.
[    6.038014] systemd[1]: Listening on LVM2 metadata daemon socket.
[[0;32m  OK  [0m] Listening on LVM2 metadata daemon socket.
[    6.043953] systemd[1]: Started Trigger resolvconf update for networkd DNS.
[[0;32m  OK  [0m] Started Trigger resolvconf update for networkd DNS.
[    6.050381] systemd[1]: Created slice System Slice.
[[0;32m  OK  [0m] Created slice System Slice.
[    6.056777] systemd[1]: Mounting Debug File System...
         Mounting Debug File System...
[    6.065888] systemd[1]: Starting Create list of required static device nodes for the current kernel...
         Starting Create list of required st... nodes for the current kernel...
[    6.075475] systemd[1]: Created slice system-serial\x2dgetty.slice.
[[0;32m  OK  [0m] Created slice system-serial\x2dgetty.slice.
[    6.082486] systemd[1]: Starting Uncomplicated firewall...
         Starting Uncomplicated firewall...
[    6.090380] systemd[1]: Starting Load Kernel Modules...
         Starting Load Kernel Modules...
[    6.105758] Loading iSCSI transport class v2.0-870.
[    6.108656] systemd[1]: Starting Nameserver information manager...
         Starting Nameserver information manager...
[    6.120504] systemd[1]: Starting File System Check on Root Device...
         [    6.124306] iscsi: registered transport (tcp)
Starting File System Check on Root Device...
[    6.134245] systemd[1]: Reached target Slices.
[[0;32m  OK  [0m] Reached target Slices.
[    6.148499] systemd[1]: Mounting POSIX Message Queue File System...
         Mounting POSIX Message Queue File System...
[    6.159918] systemd[1]: Listening on Journal Socket (/dev/log).
[[0;32m  OK  [0m] Listening on Journal Socket (/dev/log).
[    6.174686] systemd[1]: Starting Journal Service...
[    6.182136] iscsi: registered transport (iser)
         Starting Journal Service...
[    6.187660] systemd[1]: Set up automount Arbitrary Executable File Formats File System Automount Point.
[[0;32m  OK  [0m] Set up automount Arbitrary Executab...ats File System Automount Point.
[    6.205577] systemd[1]: Reached target Encrypted Volumes.
[[0;32m  OK  [0m] Reached target Encrypted Volumes.
[    6.211290] systemd[1]: Reached target Swap.
[[0;32m  OK  [0m] Reached target Swap.
[    6.216598] systemd[1]: Listening on udev Kernel Socket.
[[0;32m  OK  [0m] Listening on udev Kernel Socket.
[    6.223095] systemd[1]: Starting Monitoring of LVM2 mirrors, snapshots etc. using dmeventd or progress polling...
         Starting Monitoring of LVM2 mirrors... dmeventd or progress polling...
[    6.236803] systemd[1]: Reached target User and Group Name Lookups.
[[0;32m  OK  [0m] Reached target User and Group Name Lookups.
[    6.247910] systemd[1]: Starting Set console keymap...
         Starting Set console keymap...
[    6.254495] systemd[1]: Listening on /dev/initctl Compatibility Named Pipe.
[[0;32m  OK  [0m] Listening on /dev/initctl Compatibility Named Pipe.
[    6.278777] systemd[1]: Mounting Huge Pages File System...
         Mounting Huge Pages File System...
[    6.296928] systemd[1]: Mounted Huge Pages File System.
[[0;32m  OK  [0m] Mounted Huge Pages File System.
[    6.303232] systemd[1]: Mounted POSIX Message Queue File System.
[[0;32m  OK  [0m] Mounted POSIX Message Queue File System.
[    6.310813] systemd[1]: Mounted Debug File System.
[[0;32m  OK  [0m] Mounted Debug File System.
[    6.319331] systemd[1]: Started Journal Service.
[[0;32m  OK  [0m] Started Journal Service.
[[0;32m  OK  [0m] Started Create list of required sta...ce nodes for the current kernel.
[[0;32m  OK  [0m] Started Uncomplicated firewall.
[[0;32m  OK  [0m] Started Load Kernel Modules.
[[0;32m  OK  [0m] Started File System Check on Root Device.
[[0;32m  OK  [0m] Started Set console keymap.
[[0;32m  OK  [0m] Started Nameserver information manager.
[[0;32m  OK  [0m] Started File System Check Daemon to report status.
[[0;32m  OK  [0m] Started LVM2 metadata daemon.
         Starting Remount Root and Kernel File Systems...
         Mounting FUSE Control File System...[    6.392533] EXT4-fs (sda1): re-mounted. Opts: (null)

         Starting Apply Kernel Variables...
         Starting Create Static Device Nodes in /dev...
[[0;32m  OK  [0m] Mounted FUSE Control File System.
[[0;32m  OK  [0m] Started Remount Root and Kernel File Systems.
[[0;32m  OK  [0m] Started Apply Kernel Variables.
[[0;32m  OK  [0m] Started Create Static Device Nodes in /dev.
         Starting udev Kernel Device Manager...
         Starting udev Coldplug all Devices...
         Starting Load/Save Random Seed...
         Starting Flush Journal to Persistent Storage...
[[0;32m  OK  [0m] Started Load/Save Random Seed.
[[0;32m  OK  [0m] Started Flush Journal to Persistent Storage.
[[0;32m  OK  [0m] Started udev Kernel Device Manager.
[[0;32m  OK  [0m] Started udev Coldplug all Devices.
[[0;32m  OK  [0m] Started Dispatch Password Requests to Console Directory Watch.
[[0;32m  OK  [0m] Found device /dev/ttyS0.
[[0;32m  OK  [0m] Started Monitoring of LVM2 mirrors,...ng dmeventd or progress polling.
[[0;32m  OK  [0m] Reached target Local File Systems (Pre).
[[0;32m  OK  [0m] Reached target Local File Systems.
         Starting LSB: AppArmor initialization...
         Starting Set console font and keymap...
         Starting Tell Plymouth To Write Out Runtime Data...
         Starting Initial cloud-init job (pre-networking)...
         Starting Create Volatile Files and Directories...
         Starting Commit a transient machine-id on disk...
[[0;32m  OK  [0m] Started Tell Plymouth To Write Out Runtime Data.
[[0;32m  OK  [0m] Started Create Volatile Files and Directories.
[[0;32m  OK  [0m] Started Commit a transient machine-id on disk.
         Starting Update UTMP about System Boot/Shutdown...
[[0;32m  OK  [0m] Started Update UTMP about System Boot/Shutdown.
[[0;32m  OK  [0m] Listening on Load/Save RF Kill Switch Status /dev/rfkill Watch.
[    7.757404] cloud-init[500]: Cloud-init v. 21.1-19-gbad84ad4-0ubuntu1~16.04.2 running 'init-local' at Sat, 01 Mar 2025 16:07:28 +0000. Up 7.30 seconds.
[[0;32m  OK  [0m] Started LSB: AppArmor initialization.
         Starting Load AppArmor profiles managed internally by snapd...
[[0;32m  OK  [0m] Started Initial cloud-init job (pre-networking).
[[0;32m  OK  [0m] Started Load AppArmor profiles managed internally by snapd.
[[0;32m  OK  [0m] Reached target Network (Pre).
         Starting Raise network interfaces...
[[0;32m  OK  [0m] Started Set console font and keymap.
[[0;32m  OK  [0m] Created slice system-getty.slice.
[[0;32m  OK  [0m] Started Raise network interfaces.
[[0;32m  OK  [0m] Reached target Network.
         Starting Initial cloud-init job (metadata service crawler)...
[    8.928571] cloud-init[945]: Cloud-init v. 21.1-19-gbad84ad4-0ubuntu1~16.04.2 running 'init' at Sat, 01 Mar 2025 16:07:29 +0000. Up 8.56 seconds.
[    8.947412] cloud-init[945]: ci-info: ++++++++++++++++++++++++++++++++++++++Net device info+++++++++++++++++++++++++++++++++++++++
[    8.951915] cloud-init[945]: ci-info: +--------+-------+----------------------------+---------------+--------+-------------------+
[    8.955672] cloud-init[945]: ci-info: | Device |   Up  |          Address           |      Mask     | Scope  |     Hw-Address    |
[    8.959694] cloud-init[945]: ci-info: +--------+-------+----------------------------+---------------+--------+-------------------+
[    8.971354] cloud-init[945]: ci-info: | enp0s3 |  True |         10.0.2.15          | 255.255.255.0 | global | 02:be:82:6b:cc:1d |
[    8.975350] cloud-init[945]: ci-info: | enp0s3 |  True | fe80::be:82ff:fe6b:cc1d/64 |       .       |  link  | 02:be:82:6b:cc:1d |
[    8.986010] cloud-init[945]: ci-info: | enp0s8 | False |             .              |       .       |   .    | 08:00:27:63:39:e3 |
[[0;32m  OK  [0m] Started Initial cloud-init job (metadata service crawler).
[    8.994098] cloud-init[945]: [[0;32m  OK  [0m] Reached target Network is Online.
         Starting iSCSI initiator daemon (iscsid)...ci-info: |   lo   |  True |         127.0.0.1          |   255.0.0.0   |  host  |         .         |
[    9.002292] cloud-init[945]: ci-info: |   lo   |  True |          ::1/128           |       .       |  host  |         .         |
[[0;32m  OK  [0m] Reached target System Initialization.
[[0;32m  OK  [0m
[    9.010045] cloud-init] Listening on UUID daemon activation socket.[945]: 
[[0;32m  OK  [0m] Started Ubuntu Advantage update messaging.ci-info: +--------+-------+----------------------------+---------------+--------+-------------------+

[[0;32m  OK  [0m] Listening on ACPID Listen Socket.
[[0;32m  OK  [0m] Listening on D-Bus System Message Bus Socket.[    9.024908] cloud-init[945]: ci-info: +++++++++++++++++++++++++++Route IPv4 info++++++++++++++++++++++++++++
[[0;32m  OK  [0m] Started Daily apt download activities.
[[0;32m  OK  [0m
[    9.032906] cloud-init[945]: ci-info: +-------+-------------+----------+---------------+-----------+-------+
[    9.035743] ] Started Message of the Day.
[[0;32m  OK  [0m] Started Daily apt upgrade and clean activities.
cloud-init[945]: ci-info: | Route | Destination | Gateway  |    Genmask    | Interface | Flags |
         Starting LXD - unix socket.
[    9.044326] cloud-init[945]: ci-info: +-------+-------------+----------+---------------+-----------+-------+
[    9.046831] cloud-init[945]: [[0;32m  OK  [0m] Started Daily Cleanup of Temporary Directories.
         Starting Socket activation for snappy daemon.
ci-info: |   0   |   0.0.0.0   | 10.0.2.2 |    0.0.0.0    |   enp0s3  |   UG  |
[    9.053904] cloud-init[945]: ci-info: |   1   |   10.0.2.0  | 0.0.0.0  | 255.255.255.0 |   enp0s3  |   U   |
[[0;32m  OK  [0m] Started ACPI Events Check.
[    9.064149] [[0;32m  OK  [0m] Reached target Paths.
[[0;32m  OK  [0m] Reached target Timers.
cloud-init[945]: ci-info: +-------+-------------+----------+---------------+-----------+-------+
[    9.074657] cloud-init[945]: ci-info: +++++++++++++++++++Route IPv6 info+++++++++++++++++++[[0;32m  OK  [0m] Reached target Cloud-config availability.

[    9.080629] cloud-init[945]: ci-info: +-------+-------------+---------+-----------+-------+
[[0;32m  OK  [0m] Listening on LXD - unix socket.
[    9.087426] [[0;32m  OK  [0m] Listening on Socket activation for snappy daemon.
[cloud-init[945]: ci-info: | Route | Destination | Gateway | Interface | Flags |
[    9.096660] [0;32m  OK  [0m] Reached target Sockets.
[[0;32m  OK  [0mcloud-init[945]: ci-info: +-------+-------------+---------+-----------+-------+
[    9.103996] ] Reached target Basic System.
[[0;32m  OK  [0m] Started Deferred execution scheduler.
cloud-init[945]: ci-info: |   0   |  fe80::/64  |    ::   |   enp0s3  |   U   |
[    9.111121] cloud-init[945]: ci-info: |   3   |   ff00::/8  |    ::   |   enp0s3  |   U   |[[0;32m  OK  [0m] Started D-Bus System Message Bus.

[    9.121497] cloud-init[945]: ci-info: +-------+-------------+---------+-----------+-------+
[    9.128559] cloud-init[945]: Generating public/private rsa key pair.
[    9.134370] cloud-init[945]: Your identification has been saved in /etc/ssh/ssh_host_rsa_key.
[    9.140380] cloud-init[945]: Your public key has been saved in /etc/ssh/ssh_host_rsa_key.pub.
         Starting LXD - container startup/shutdown...
         Starting Virtualbox guest utils...
[[0;32m  OK  [0m] Started FUSE filesystem for LXC.
[    9.150622]          Starting System Logging Service...
         Starting Pollinate to seed the pseudo random number generator...
[[0;32m  OK  [0m] Started ACPI event daemon.
         Starting LSB: MD monitoring daemon...
         Starting LSB: Record successful boot for GRUB...
         Starting Login Service...
         Starting Snap Daemon...
[[0;32m  OK  [0m] Started Regular background program processing daemon.
         Starting Accounts Service...
         Starting /etc/rc.local Compatibility...
[[0;32m  OK  [0m] Started iSCSI initiator daemon (iscsid).
[[0;32m  OK  [0m] Started /etc/rc.local Compatibility.
         Starting Login to default iSCSI targets...
[[0;32m  OK  [0m] Started Login Service.
cloud-init[945]: The key fingerprint is:
[[0;32m  OK  [0m] Started Unattended Upgrades Shutdown.
[[0;32m  OK  [0m] Started Login to default iSCSI targets.
[[0;32m  OK  [0m] Reached target Remote File Systems (Pre).
[[0;32m  OK  [0m] Reached target Remote File Systems.
         Starting LSB: Set the CPU Frequency Scaling governor to "ondemand"...
         Starting Permit User Sessions...
         Starting LSB: daemon to balance interrupts for SMP systems...
[    9.327225]          Starting LSB: automatic crash report generation...
[[0;32m  OK  [0m] Started System Logging Service.
[[0;32m  OK  [0m] Started Permit User Sessions.
         Starting Hold until boot process finishes up...
         Starting Terminate Plymouth Boot Screen...
[[0;32m  OK  [0m] Started Hold until boot process finishes up.cloud-init[945]: SHA256:A0um3hbMQ/nXrB5I1hXtck1PcKYuYLqmtFzBvWUuFmQ root@ubuntu-xenial
         Starting Set console scheme...
[[0;32m  OK  [0m] Started Serial Getty on ttyS0.
[[0;32m  OK  [0m] Started Getty on tty1.
[[0;32m  OK  [0m] Reached target Login Prompts.
[[0;32m  OK  [0m] Started Terminate Plymouth Boot Screen.
[[0;32m  OK  [0m] Started LSB: Set the CPU Frequency Scaling governor to "ondemand".
[[0;32m  OK  [0m] Started Set console scheme.

[    9.446194] cloud-init[945]: The key's randomart image is:[[0;32m  OK  [0m] Started LSB: Record successful boot for GRUB.
[[0;32m  OK  [0m] Started LSB: MD monitoring daemon.
[[0;32m  OK  [0m] Started LSB: daemon to balance interrupts for SMP systems.

[    9.483690] cloud-init[945]: +---[RSA 2048]----+[[0;32m  OK  [0m] Started LSB: automatic crash report generation.

         Starting Authenticate and Authorize Users to Run Privileged Tasks...
[    9.529234] cloud-init[945]: |            ....o|
[    9.561471] cloud-init[945]: |       .     ..+o|
[[0;32m  OK  [0m[    9.584720] cloud-init[945]: |      *   E ...+.|
] Started Authenticate and Authorize Users to Run Privileged Tasks.
[[0;32m  OK  [0m] Started Accounts Service.
[    9.604430] cloud-init[945]: |     B = B =..o o|
[    9.631642] cloud-init[945]: |    . * S = *o.  |
[[0;32m  OK  [0m] Started LXD - container startup/shutdown.
[    9.670660] cloud-init[945]: |   . . = * B .   |
[    9.692005] cloud-init[945]: |    . + = * .    |
[[0;32m  OK  [0m] Started Virtualbox guest utils.
[    9.717358] cloud-init[945]: |     + = o o     |
[    9.735633] cloud-init[945]: |      +   .      |
[    9.755043] cloud-init[945]: +----[SHA256]-----+
[    9.769766] cloud-init[945]: Generating public/private dsa key pair.
[    9.785825] cloud-init[945]: Your identification has been saved in /etc/ssh/ssh_host_dsa_key.
[    9.798898] cloud-init[945]: Your public key has been saved in /etc/ssh/ssh_host_dsa_key.pub.
[    9.804009] cloud-init[945]: The key fingerprint is:
[    9.814164] cloud-init[945]: SHA256:ykI+AbzWOTA/b6cGzGcd5ms2bt/bFmcGwQ6e8MEbu4Q root@ubuntu-xenial
[    9.833475] cloud-init[945]: The key's randomart image is:
[    9.839129] cloud-init[945]: +---[DSA 1024]----+
[    9.845813] cloud-init[945]: |           . .   |
[    9.865146] cloud-init[945]: | .        . = o  |
[    9.872151] cloud-init[945]: |  =        = O . |
[    9.881013] cloud-init[945]: |   B .  o E B o  |
[    9.888377] cloud-init[945]: |  ooO  +S. . . . |
[    9.894174] cloud-init[945]: | . o+*o.o   . . +|
[    9.902771] cloud-init[945]: |    ++= ..     = |
[    9.911830] cloud-init[945]: |     +.o*  . ..  |
[    9.919520] cloud-init[945]: |     ..=.o. oo.  |
[    9.924321] cloud-init[945]: +----[SHA256]-----+
[    9.927302] cloud-init[945]: Generating public/private ecdsa key pair.
[    9.935769] cloud-init[945]: Your identification has been saved in /etc/ssh/ssh_host_ecdsa_key.
[    9.946680] cloud-init[945]: Your public key has been saved in /etc/ssh/ssh_host_ecdsa_key.pub.
[    9.954049] cloud-init[945]: The key fingerprint is:
[    9.963001] cloud-init[945]: SHA256:eNPTcvHAsFxKiTNV764DS8+wTMlJP2bfS34/BBWwZ34 root@ubuntu-xenial
[    9.976074] cloud-init[945]: The key's randomart image is:
[    9.982973] cloud-init[945]: +---[ECDSA 256]---+
[    9.990096] cloud-init[945]: |         o+oo....|
[    9.998056] cloud-init[[0;32m  OK  [0m] Started Snap Daemon.
         Starting Wait until snapd is fully seeded...
[945]: |        +o.* ... |
[   10.027665] cloud-init[945]: |         o+ +.oo |
[   10.035574] cloud-init[945]: |       . ... *+  |
[   10.051936] cloud-init[945]: |      . So++o +.E|
[   10.060639] cloud-init[945]: |       . .O+=. ..|
[   10.071305] cloud-init[945]: |         + X ooo |
[   10.092992] cloud-init[945]: |          + +.+.o|
[   10.103613] cloud-init[945]: |            .. o*|
[   10.110401] cloud-init[945]: +----[SHA256]-----+
[   10.115971] cloud-init[945]: Generating public/private ed25519 key pair.
[   10.126949] cloud-init[945]: Your identification has been saved in /etc/ssh/ssh_host_ed25519_key.
[   10.133682] cloud-init[945]: Your public key has been saved in /etc/ssh/ssh_host_ed25519_key.pub.
[   10.146525] cloud-init[945]: The key fingerprint is:
[   10.155051] cloud-init[945]: SHA256:rtyz2ohr4nkcY8C0AQjyFm6bIUY2Jmm+wSQhpksqEa4 root@ubuntu-xenial
[   10.170694] cloud-init[945]: The key's randomart image is:
[   10.183160] cloud-init[945]: +--[ED25519 256]--+
[   10.192752] cloud-init[945]: |@X.              |
[   10.197056] cloud-init[945]: |#*+.             |
[   10.211538] cloud-init[945]: |X**o             |
[   10.222104] cloud-init[945]: |=X++             |
[   10.230346] cloud-init[945]: |E =.    S        |
[   10.239739] cloud-init[945]: |..  +  .         |
[   10.248709] cloud-init[945]: |   o o  .        |
[   10.258157] cloud-init[945]: |  ..+o =.        |
[   10.266385] cloud-init[945]: | .o+o.=.+o       |
[   10.273966] cloud-init[945]: +----[SHA256]-----+

Ubuntu 16.04.7 LTS ubuntu-xenial ttyS0

ubuntu-xenial login: [   17.066159] cloud-init[1440]: Generating locales (this might take a while)...
[   18.055980] cloud-init[1440]:   en_US.UTF-8... done
[   18.059239] cloud-init[1440]: Generation complete.
[   18.339392] cloud-init[1440]: Cloud-init v. 21.1-19-gbad84ad4-0ubuntu1~16.04.2 running 'modules:config' at Sat, 01 Mar 2025 16:07:38 +0000. Up 16.98 seconds.
ci-info: no authorized SSH keys fingerprints found for user ubuntu.
<14>Mar  1 16:07:40 ec2: 
<14>Mar  1 16:07:40 ec2: #############################################################
<14>Mar  1 16:07:40 ec2: -----BEGIN SSH HOST KEY FINGERPRINTS-----
<14>Mar  1 16:07:40 ec2: 1024 SHA256:ykI+AbzWOTA/b6cGzGcd5ms2bt/bFmcGwQ6e8MEbu4Q root@ubuntu-xenial (DSA)
<14>Mar  1 16:07:40 ec2: 256 SHA256:eNPTcvHAsFxKiTNV764DS8+wTMlJP2bfS34/BBWwZ34 root@ubuntu-xenial (ECDSA)
<14>Mar  1 16:07:40 ec2: 256 SHA256:rtyz2ohr4nkcY8C0AQjyFm6bIUY2Jmm+wSQhpksqEa4 root@ubuntu-xenial (ED25519)
<14>Mar  1 16:07:40 ec2: 2048 SHA256:A0um3hbMQ/nXrB5I1hXtck1PcKYuYLqmtFzBvWUuFmQ root@ubuntu-xenial (RSA)
<14>Mar  1 16:07:40 ec2: -----END SSH HOST KEY FINGERPRINTS-----
<14>Mar  1 16:07:40 ec2: #############################################################
-----BEGIN SSH HOST KEY KEYS-----
ecdsa-sha2-nistp256 AAAAE2VjZHNhLXNoYTItbmlzdHAyNTYAAAAIbmlzdHAyNTYAAABBBGjgcQUN1yzdW6IIdwocZnwSk4JCD05FSzNqc110PLmnoNvhxgB5ICCc6+SIJ/GCpScNWfKSC5KnIYAFzNIFbnE= root@ubuntu-xenial
ssh-ed25519 AAAAC3NzaC1lZDI1NTE5AAAAIJUqhFDkziUCXPoe+5eRt8msg2klvgy+p4/WevP8tZJ6 root@ubuntu-xenial
ssh-rsa AAAAB3NzaC1yc2EAAAADAQABAAABAQCwKTRg0SiC+A61oHFYQ7CwQ9gUMUZ8BAIM36Fl0xKOKYScXi2O6bwVgsNYAm0JzSNxZNcr+4PwvUeR8EIXibxJqKOHH13FLHbPqAoHolU3o6EldBQ594n8uAg5W6wV+2S0OZI1fHFPrQ6IMmw11Ot4xRC8eRyAOc9zyCmqCCZns4ALZ7EWPLK0kT2XGlDkQUBqWtuluau3dSbYBdWfoCnLVIUtMRu4HM9xMwqJ4ka7/H1YPo1Y+RarFpy5ESPfhY2gvt/NhAKdDEKImXVQMkhzgAzZUDh0NEw7tIK5jVt0tyi57muqs2BYuRHWjtoQDHklvMOr8bRrdZPjWtxBsTWf root@ubuntu-xenial
-----END SSH HOST KEY KEYS-----
[   18.775759] cloud-init[1637]: Cloud-init v. 21.1-19-gbad84ad4-0ubuntu1~16.04.2 running 'modules:final' at Sat, 01 Mar 2025 16:07:39 +0000. Up 18.63 seconds.
[   18.792465] cloud-init[1637]: ci-info: no authorized SSH keys fingerprints found for user ubuntu.
[   18.797998] cloud-init[1637]: Cloud-init v. 21.1-19-gbad84ad4-0ubuntu1~16.04.2 finished at Sat[[0;32m  OK  [0m] Stopped Unattended Upgrades Shutdown.
[[0;32m  OK  [0m] Stopped target Timers.
[[0;32m  OK  [0m] Stopped Message of the Day.
[[0;32m  OK  [0m] Stopped target Cloud-init target.
[[0;32m  OK  [0m] Stopped Daily Cleanup of Temporary Directories.
[[0;32m  OK  [0m] Stopped Daily apt upgrade and clean activities.
         Stopping Authenticate and Authorize Users to Run Privileged Tasks...
[[0;32m  OK  [0m] Stopped target Graphical Interface.
[[0;32m  OK  [0m] Stopped Ubuntu Advantage update messaging.
         Stopping Accounts Service...
         Stopping Session 10 of user vagrant.
         Stopping User Manager for UID 1000...
[[0;32m  OK  [0m] Stopped Daily apt download activities.
[[0;32m  OK  [0m] Stopped target System Time Synchronized.
[[0;32m  OK  [0m] Stopped Execute cloud user/final scripts.
[[0;32m  OK  [0m] Stopped target Multi-User System.
         Stopping Virtualbox guest utils...
[[0;32m  OK  [0m] Stopped target Login Prompts.
         Stopping Getty on tty1...
         Stopping LSB: MD monitoring daemon...
         Stopping D-Bus System Message Bus...
         Stopping FUSE filesystem for LXC...
         Stopping LSB: Record successful boot for GRUB...
         Stopping Deferred execution scheduler...
         Stopping Regular background program processing daemon...
         Stopping System Logging Service...
         Stopping LSB: daemon to balance interrupts for SMP systems...
         Stopping LSB: Set the CPU Frequency Scaling governor to "ondemand"...
         Stopping OpenBSD Secure Shell server...
         Stopping Login to default iSCSI targets...
         Stopping LSB: automatic crash report generation...
         Stopping Serial Getty on ttyS0...
[[0;32m  OK  [0m] Closed Load/Save RF Kill Switch Status /dev/rfkill Watch.
[[0;32m  OK  [0m] Stopped Apply the settings specified in cloud-config.
[[0;32m  OK  [0m] Stopped Wait until snapd is fully seeded.
[[0;32m  OK  [0m] Stopped target Cloud-config availability.
         Stopping LXD - container startup/shutdown...
         Stopping ACPI event daemon...
[[0;32m  OK  [0m] Unmounted /var/lib/lxcfs.
[[0;32m  OK  [0m] Stopped Accounts Service.
[[0;32m  OK  [0m] Stopped Regular background program processing daemon.
[[0;32m  OK  [0m] Stopped System Logging Service.
[[0;32m  OK  [0m] Stopped ACPI event daemon.
[[0;32m  OK  [0m] Stopped Deferred execution scheduler.
[[0;32m  OK  [0m] Stopped Authenticate and Authorize Users to Run Privileged Tasks.
[[0;32m  OK  [0m] Stopped Getty on tty1.
[[0;32m  OK  [0m] Stopped Serial Getty on ttyS0.
[[0;32m  OK  [0m] Stopped OpenBSD Secure Shell server.
[[0;32m  OK  [0m] Stopped User Manager for UID 1000.
[[0;32m  OK  [0m] Stopped Session 10 of user vagrant.
[[0;32m  OK  [0m] Stopped D-Bus System Message Bus.
[[0;32m  OK  [0m] Stopped FUSE filesystem for LXC.
[[0;32m  OK  [0m] Stopped Login to default iSCSI targets.
[[0;32m  OK  [0m] Stopped LSB: Set the CPU Frequency Scaling governor to "ondemand".
[[0;32m  OK  [0m] Stopped LSB: Record successful boot for GRUB.
[[0;32m  OK  [0m] Stopped Virtualbox guest utils.
[[0;32m  OK  [0m] Stopped LSB: MD monitoring daemon.
[[0;32m  OK  [0m] Stopped LSB: daemon to balance interrupts for SMP systems.
[[0;32m  OK  [0m] Stopped LSB: automatic crash report generation.
[[0;32m  OK  [0m] Stopped LXD - container startup/shutdown.
         Stopping iSCSI initiator daemon (iscsid)...
[[0;32m  OK  [0m] Removed slice User Slice of vagrant.
         Stopping Login Service...
[[0;32m  OK  [0m] Removed slice system-serial\x2dgetty.slice.
[[0;32m  OK  [0m] Removed slice system-getty.slice.
[[0;32m  OK  [0m] Stopped /etc/rc.local Compatibility.
         Stopping Permit User Sessions...
[[0;32m  OK  [0m] Stopped Login Service.
[[0;32m  OK  [0m] Stopped iSCSI initiator daemon (iscsid).
[[0;32m  OK  [0m] Stopped Permit User Sessions.
[[0;32m  OK  [0m] Stopped target Remote File Systems.
[[0;32m  OK  [0m] Stopped target Basic System.
[[0;32m  OK  [0m] Stopped target Slices.
[[0;32m  OK  [0m] Stopped target Sockets.
[[0;32m  OK  [0m] Closed Syslog Socket.
[[0;32m  OK  [0m] Closed UUID daemon activation socket.
[[0;32m  OK  [0m] Closed Socket activation for snappy daemon.
[[0;32m  OK  [0m] Closed ACPID Listen Socket.
[[0;32m  OK  [0m] Closed LXD - unix socket.
[[0;32m  OK  [0m] Stopped target Paths.
[[0;32m  OK  [0m] Stopped Forward Password Requests to Wall Directory Watch.
[[0;32m  OK  [0m] Stopped ACPI Events Check.
[[0;32m  OK  [0m] Stopped Dispatch Password Requests to Console Directory Watch.
[[0;32m  OK  [0m] Closed D-Bus System Message Bus Socket.
[[0;32m  OK  [0m] Stopped target System Initialization.
[[0;32m  OK  [0m] Stopped target Encrypted Volumes.
[[0;32m  OK  [0m] Stopped Commit a transient machine-id on disk.
[[0;32m  OK  [0m] Stopped target Swap.
         Stopping Load/Save Random Seed...
[[0;32m  OK  [0m] Stopped Initial cloud-init job (metadata service crawler).
         Stopping Raise network interfaces...
         Stopping Update UTMP about System Boot/Shutdown...
[[0;32m  OK  [0m] Stopped target User and Group Name Lookups.
[[0;32m  OK  [0m] Removed slice User and Session Slice.
[[0;32m  OK  [0m] Stopped Load/Save Random Seed.
[[0;32m  OK  [0m] Stopped Update UTMP about System Boot/Shutdown.
[[0;32m  OK  [0m] Stopped Create Volatile Files and Directories.
[[0;32m  OK  [0m] Stopped Raise network interfaces.
[[0;32m  OK  [0m] Stopped target Network (Pre).
[[0;32m  OK  [0m] Stopped Initial cloud-init job (pre-networking).
[[0;32m  OK  [0m] Stopped target Local File Systems.
         Unmounting /run/user/1000...
         Unmounting /vagrant...
[[0;32m  OK  [0m] Stopped Apply Kernel Variables.
[[0;32m  OK  [0m] Stopped Load Kernel Modules.
[[0;32m  OK  [0m] Unmounted /run/user/1000.
[[0;32m  OK  [0m] Unmounted /vagrant.
[[0;32m  OK  [0m] Reached target Unmount All Filesystems.
[[0;32m  OK  [0m] Stopped target Local File Systems (Pre).
[[0;32m  OK  [0m] Stopped Create Static Device Nodes in /dev.
         Stopping Monitoring of LVM2 mirrors... dmeventd or progress polling...
[[0;32m  OK  [0m] Stopped Remount Root and Kernel File Systems.
[[0;32m  OK  [0m] Reached target Shutdown.
[  637.850985] reboot: Power down
I initiator daemon (iscsid)...
[[0;32m  OK  [0m] Stopped iSCSI initiator daemon (iscsid).
[[0;32m  OK  [0m] Reached target Shutdown.
[  509.599294] reboot: Power down
m  OK  [0m] Stopped Apply Kernel Variables.
[[0;32m  OK  [0m] Stopped Load Kernel Modules.
[[0;32m  OK  [0m] Stopped target Local File Systems.
         Unmounting /run/user/1000...
[[0;32m  OK  [0m] Unmounted /run/user/1000.
[[0;32m  OK  [0m] Reached target Unmount All Filesystems.
[[0;32m  OK  [0m] Stopped target Local File Systems (Pre).
[[0;32m  OK  [0m] Stopped Remount Root and Kernel File Systems.
[[0;32m  OK  [0m] Stopped Create Static Device Nodes in /dev.
[[0;32m  OK  [0m] Reached target Shutdown.
[  400.506722] reboot: Power down
